Using pre-set license
Built from '2020.2/release' branch; Version is '2020.2.4f1 (becced5a802b) revision 12504301'; Using compiler version '192528614'; Build Type 'Release'
OS: 'Windows 10 Home; OS build 19043.1288; Version 2009; 64bit' Language: 'en' Physical Memory: 16317 MB
BatchMode: 1, IsHumanControllingUs: 0, StartBugReporterOnCrash: 0, Is64bit: 1, IsPro: 0

 COMMAND LINE ARGUMENTS:
C:\Program Files\Unity\Hub\Editor\2020.2.4f1\Editor\Unity.exe
-adb2
-batchMode
-noUpm
-name
AssetImportWorker0
-projectPath
D:/Unity Projects/CandyCollector
-logFile
Logs/AssetImportWorker0.log
-srvPort
58499
Successfully changed project path to: D:/Unity Projects/CandyCollector
D:/Unity Projects/CandyCollector
Using Asset Import Pipeline V2.
Refreshing native plugins compatible for Editor in 29.98 ms, found 1 plugins.
Preloading 0 native plugins for Editor in 0.00 ms.
Initialize engine version: 2020.2.4f1 (becced5a802b)
[Subsystems] Discovering subsystems at path C:/Program Files/Unity/Hub/Editor/2020.2.4f1/Editor/Data/Resources/UnitySubsystems
[Subsystems] Discovering subsystems at path D:/Unity Projects/CandyCollector/Assets
GfxDevice: creating device client; threaded=0
Direct3D:
    Version:  Direct3D 11.0 [level 11.1]
    Renderer: NVIDIA GeForce RTX 2060 SUPER (ID=0x1f06)
    Vendor:   
    VRAM:     8031 MB
    Driver:   30.0.14.7196
Initialize mono
Mono path[0] = 'C:/Program Files/Unity/Hub/Editor/2020.2.4f1/Editor/Data/Managed'
Mono path[1] = 'C:/Program Files/Unity/Hub/Editor/2020.2.4f1/Editor/Data/MonoBleedingEdge/lib/mono/unityjit'
Mono config path = 'C:/Program Files/Unity/Hub/Editor/2020.2.4f1/Editor/Data/MonoBleedingEdge/etc'
Using monoOptions --debugger-agent=transport=dt_socket,embedding=1,server=y,suspend=n,address=127.0.0.1:56760
Begin MonoManager ReloadAssembly
Registering precompiled unity dll's ...
Register platform support module: C:/Program Files/Unity/Hub/Editor/2020.2.4f1/Editor/Data/PlaybackEngines/WebGLSupport/UnityEditor.WebGL.Extensions.dll
Register platform support module: C:/Program Files/Unity/Hub/Editor/2020.2.4f1/Editor/Data/PlaybackEngines/WindowsStandaloneSupport/UnityEditor.WindowsStandalone.Extensions.dll
Registered in 0.002707 seconds.
Native extension for WindowsStandalone target not found
Native extension for WebGL target not found
Refreshing native plugins compatible for Editor in 29.88 ms, found 1 plugins.
Preloading 0 native plugins for Editor in 0.00 ms.
Invoked RoslynAnalysisRunner static constructor.
RoslynAnalysisRunner will not be running.
RoslynAnalysisRunner has terminated.
Mono: successfully reloaded assembly
- Completed reload, in  1.751 seconds
Platform modules already initialized, skipping
Registering precompiled user dll's ...
Registered in 0.000599 seconds.
Begin MonoManager ReloadAssembly
Native extension for WindowsStandalone target not found
Native extension for WebGL target not found
Refreshing native plugins compatible for Editor in 29.73 ms, found 1 plugins.
Preloading 0 native plugins for Editor in 0.00 ms.
Invoked RoslynAnalysisRunner static constructor.
RoslynAnalysisRunner will not be running.
RoslynAnalysisRunner has terminated.
Mono: successfully reloaded assembly
- Completed reload, in  0.755 seconds
Platform modules already initialized, skipping
========================================================================
Worker process is ready to serve import requests
Launched and connected shader compiler UnityShaderCompiler.exe after 0.03 seconds
Refreshing native plugins compatible for Editor in 0.34 ms, found 1 plugins.
Preloading 0 native plugins for Editor in 0.00 ms.
Unloading 1797 Unused Serialized files (Serialized files now loaded: 0)
System memory in use before: 84.3 MB.
System memory in use after: 84.3 MB.

Unloading 24 unused Assets to reduce memory usage. Loaded Objects now: 2238.
Total: 1.983400 ms (FindLiveObjects: 0.229300 ms CreateObjectMapping: 0.056900 ms MarkObjects: 1.580900 ms  DeleteObjects: 0.115400 ms)

========================================================================
Received Import Request.
  path: Assets
  artifactKey: Guid(00000000000000001000000000000000) Importer(815301076,1909f56bfc062723c751e8b465ee728b)
Start importing Assets using Guid(00000000000000001000000000000000) Importer(815301076,1909f56bfc062723c751e8b465ee728b)  -> (artifact id: 'edc3feb264a98656617d3c2cb59c8f16') in 0.009173 seconds
  Import took 0.011636 seconds .

========================================================================
Received Import Request.
  Time since last request: 13.273137 seconds.
  path: Assets/BronzeOre.png
  artifactKey: Guid(c36cc2e010946e44b856607620e7d81b) Importer(815301076,1909f56bfc062723c751e8b465ee728b)
Start importing Assets/BronzeOre.png using Guid(c36cc2e010946e44b856607620e7d81b) Importer(815301076,1909f56bfc062723c751e8b465ee728b)  -> (artifact id: 'f6ace5c6c4c2d959f3323f31eb9728ea') in 0.101033 seconds
  Import took 0.103993 seconds .

========================================================================
Received Import Request.
  Time since last request: 0.000176 seconds.
  path: Assets/Candy.png
  artifactKey: Guid(a36c6fa4a920b4f4caadad5dbad2537d) Importer(815301076,1909f56bfc062723c751e8b465ee728b)
Start importing Assets/Candy.png using Guid(a36c6fa4a920b4f4caadad5dbad2537d) Importer(815301076,1909f56bfc062723c751e8b465ee728b)  -> (artifact id: '389d59306e1a6966459a03435529a8c8') in 0.015597 seconds
  Import took 0.018305 seconds .

========================================================================
Received Import Request.
  Time since last request: 0.000223 seconds.
  path: Assets/TreatBag.png
  artifactKey: Guid(8b3e9b6073b7a8e4a87c7f06111e1b67) Importer(815301076,1909f56bfc062723c751e8b465ee728b)
Start importing Assets/TreatBag.png using Guid(8b3e9b6073b7a8e4a87c7f06111e1b67) Importer(815301076,1909f56bfc062723c751e8b465ee728b)  -> (artifact id: '718290c4e83fd9893c8e2516e53a18a6') in 0.011928 seconds
  Import took 0.014644 seconds .

========================================================================
Received Import Request.
  Time since last request: 0.000185 seconds.
  path: Assets/Candy.png
  artifactKey: Guid(a36c6fa4a920b4f4caadad5dbad2537d) Importer(815301076,1909f56bfc062723c751e8b465ee728b)
Start importing Assets/Candy.png using Guid(a36c6fa4a920b4f4caadad5dbad2537d) Importer(815301076,1909f56bfc062723c751e8b465ee728b)  -> (artifact id: '389d59306e1a6966459a03435529a8c8') in 0.008852 seconds
  Import took 0.011545 seconds .

========================================================================
Received Import Request.
  Time since last request: 245.678051 seconds.
  path: Assets/BagMovement.cs
  artifactKey: Guid(4459fbe32fec6bb4f8c94a36491d4878) Importer(815301076,1909f56bfc062723c751e8b465ee728b)
Start importing Assets/BagMovement.cs using Guid(4459fbe32fec6bb4f8c94a36491d4878) Importer(815301076,1909f56bfc062723c751e8b465ee728b)  -> (artifact id: '4d76ac495982ef6e87db8da76a037dcd') in 0.014790 seconds
  Import took 0.017703 seconds .

========================================================================
Received Import Request.
  Time since last request: 0.000378 seconds.
  path: Assets/BagMovement.cs
  artifactKey: Guid(4459fbe32fec6bb4f8c94a36491d4878) Importer(815301076,1909f56bfc062723c751e8b465ee728b)
Start importing Assets/BagMovement.cs using Guid(4459fbe32fec6bb4f8c94a36491d4878) Importer(815301076,1909f56bfc062723c751e8b465ee728b)  -> (artifact id: '4d76ac495982ef6e87db8da76a037dcd') in 0.002327 seconds
  Import took 0.005218 seconds .

========================================================================
Received Prepare
Registering precompiled user dll's ...
Registered in 0.000967 seconds.
Begin MonoManager ReloadAssembly
Native extension for WindowsStandalone target not found
Native extension for WebGL target not found
Refreshing native plugins compatible for Editor in 0.34 ms, found 1 plugins.
Preloading 0 native plugins for Editor in 0.00 ms.
Invoked RoslynAnalysisRunner static constructor.
RoslynAnalysisRunner will not be running.
RoslynAnalysisRunner has terminated.
Mono: successfully reloaded assembly
- Completed reload, in  0.685 seconds
Platform modules already initialized, skipping
Refreshing native plugins compatible for Editor in 0.33 ms, found 1 plugins.
Preloading 0 native plugins for Editor in 0.00 ms.
Unloading 1793 Unused Serialized files (Serialized files now loaded: 0)
System memory in use before: 87.4 MB.
System memory in use after: 87.4 MB.

Unloading 12 unused Assets to reduce memory usage. Loaded Objects now: 2250.
Total: 1.993200 ms (FindLiveObjects: 0.172400 ms CreateObjectMapping: 0.041000 ms MarkObjects: 1.677700 ms  DeleteObjects: 0.101100 ms)

========================================================================
Received Import Request.
  Time since last request: 14.440907 seconds.
  path: Assets/FallingObject.cs
  artifactKey: Guid(5c39b26b9ecc3e14b822244e6ed90f45) Importer(815301076,1909f56bfc062723c751e8b465ee728b)
Start importing Assets/FallingObject.cs using Guid(5c39b26b9ecc3e14b822244e6ed90f45) Importer(815301076,1909f56bfc062723c751e8b465ee728b)  -> (artifact id: 'f7e74f14d78fe3cdd018b38e6b0491c2') in 0.009329 seconds
  Import took 0.012170 seconds .

========================================================================
Received Prepare
Registering precompiled user dll's ...
Registered in 0.000705 seconds.
Begin MonoManager ReloadAssembly
Native extension for WindowsStandalone target not found
Native extension for WebGL target not found
Refreshing native plugins compatible for Editor in 0.34 ms, found 1 plugins.
Preloading 0 native plugins for Editor in 0.00 ms.
Invoked RoslynAnalysisRunner static constructor.
RoslynAnalysisRunner will not be running.
RoslynAnalysisRunner has terminated.
Mono: successfully reloaded assembly
- Completed reload, in  0.668 seconds
Platform modules already initialized, skipping
Refreshing native plugins compatible for Editor in 0.36 ms, found 1 plugins.
Preloading 0 native plugins for Editor in 0.00 ms.
Unloading 1794 Unused Serialized files (Serialized files now loaded: 0)
System memory in use before: 87.4 MB.
System memory in use after: 87.4 MB.

Unloading 12 unused Assets to reduce memory usage. Loaded Objects now: 2254.
Total: 1.801000 ms (FindLiveObjects: 0.202900 ms CreateObjectMapping: 0.046100 ms MarkObjects: 1.452100 ms  DeleteObjects: 0.098600 ms)

========================================================================
Received Import Request.
  Time since last request: 12.516522 seconds.
  path: Assets/CandySpawner.cs
  artifactKey: Guid(3e0e6bd782bbf424b922020e98ab1d06) Importer(815301076,1909f56bfc062723c751e8b465ee728b)
Start importing Assets/CandySpawner.cs using Guid(3e0e6bd782bbf424b922020e98ab1d06) Importer(815301076,1909f56bfc062723c751e8b465ee728b)  -> (artifact id: '10a4c2413dbc92fcebfa3f99ab0c6ca3') in 0.008202 seconds
  Import took 0.010977 seconds .

========================================================================
Received Prepare
Registering precompiled user dll's ...
Registered in 0.000818 seconds.
Begin MonoManager ReloadAssembly
Native extension for WindowsStandalone target not found
Native extension for WebGL target not found
Refreshing native plugins compatible for Editor in 0.34 ms, found 1 plugins.
Preloading 0 native plugins for Editor in 0.00 ms.
Invoked RoslynAnalysisRunner static constructor.
RoslynAnalysisRunner will not be running.
RoslynAnalysisRunner has terminated.
Mono: successfully reloaded assembly
- Completed reload, in  0.659 seconds
Platform modules already initialized, skipping
Refreshing native plugins compatible for Editor in 0.34 ms, found 1 plugins.
Preloading 0 native plugins for Editor in 0.00 ms.
Unloading 1795 Unused Serialized files (Serialized files now loaded: 0)
System memory in use before: 87.5 MB.
System memory in use after: 87.5 MB.

Unloading 12 unused Assets to reduce memory usage. Loaded Objects now: 2258.
Total: 1.706400 ms (FindLiveObjects: 0.198500 ms CreateObjectMapping: 0.046100 ms MarkObjects: 1.376900 ms  DeleteObjects: 0.083800 ms)

========================================================================
Received Prepare
Registering precompiled user dll's ...
Registered in 0.000711 seconds.
Begin MonoManager ReloadAssembly
Native extension for WindowsStandalone target not found
Native extension for WebGL target not found
Refreshing native plugins compatible for Editor in 0.38 ms, found 1 plugins.
Preloading 0 native plugins for Editor in 0.00 ms.
Invoked RoslynAnalysisRunner static constructor.
RoslynAnalysisRunner will not be running.
RoslynAnalysisRunner has terminated.
Mono: successfully reloaded assembly
- Completed reload, in  0.672 seconds
Platform modules already initialized, skipping
Refreshing native plugins compatible for Editor in 0.32 ms, found 1 plugins.
Preloading 0 native plugins for Editor in 0.00 ms.
Unloading 1795 Unused Serialized files (Serialized files now loaded: 0)
System memory in use before: 87.5 MB.
System memory in use after: 87.5 MB.

Unloading 12 unused Assets to reduce memory usage. Loaded Objects now: 2261.
Total: 2.290900 ms (FindLiveObjects: 0.265200 ms CreateObjectMapping: 0.054200 ms MarkObjects: 1.847000 ms  DeleteObjects: 0.123500 ms)

========================================================================
Received Import Request.
  Time since last request: 681.391267 seconds.
  path: Assets/BagMovement.cs
  artifactKey: Guid(4459fbe32fec6bb4f8c94a36491d4878) Importer(815301076,1909f56bfc062723c751e8b465ee728b)
Start importing Assets/BagMovement.cs using Guid(4459fbe32fec6bb4f8c94a36491d4878) Importer(815301076,1909f56bfc062723c751e8b465ee728b)  -> (artifact id: 'ce1805e61d35aa24d12c73ea08860380') in 0.008629 seconds
  Import took 0.011514 seconds .

========================================================================
Received Import Request.
  Time since last request: 76.160866 seconds.
  path: Assets/Candy.prefab
  artifactKey: Guid(5677a96b038e8e3478fa4f1e9a0d5fee) Importer(815301076,1909f56bfc062723c751e8b465ee728b)
Start importing Assets/Candy.prefab using Guid(5677a96b038e8e3478fa4f1e9a0d5fee) Importer(815301076,1909f56bfc062723c751e8b465ee728b)  -> (artifact id: '65e82aa03921a78fc2595dbf9fd8fc69') in 0.046223 seconds
  Import took 0.049120 seconds .

========================================================================
Received Import Request.
  Time since last request: 0.002063 seconds.
  path: Assets/Candy.prefab
  artifactKey: Guid(5677a96b038e8e3478fa4f1e9a0d5fee) Importer(815301076,1909f56bfc062723c751e8b465ee728b)
Start importing Assets/Candy.prefab using Guid(5677a96b038e8e3478fa4f1e9a0d5fee) Importer(815301076,1909f56bfc062723c751e8b465ee728b)  -> (artifact id: '65e82aa03921a78fc2595dbf9fd8fc69') in 0.007326 seconds
  Import took 0.010101 seconds .

========================================================================
Received Import Request.
  Time since last request: 2.173573 seconds.
  path: Assets/BronzeOre.prefab
  artifactKey: Guid(3b5e0f9e89374d74986576f2d4534709) Importer(815301076,1909f56bfc062723c751e8b465ee728b)
Start importing Assets/BronzeOre.prefab using Guid(3b5e0f9e89374d74986576f2d4534709) Importer(815301076,1909f56bfc062723c751e8b465ee728b)  -> (artifact id: 'e7a9a21a34b247429d3859cedada3341') in 0.015022 seconds
  Import took 0.017943 seconds .

========================================================================
Received Prepare
Registering precompiled user dll's ...
Registered in 0.000758 seconds.
Begin MonoManager ReloadAssembly
Native extension for WindowsStandalone target not found
Native extension for WebGL target not found
Refreshing native plugins compatible for Editor in 0.34 ms, found 1 plugins.
Preloading 0 native plugins for Editor in 0.00 ms.
Invoked RoslynAnalysisRunner static constructor.
RoslynAnalysisRunner will not be running.
RoslynAnalysisRunner has terminated.
Mono: successfully reloaded assembly
- Completed reload, in  0.689 seconds
Platform modules already initialized, skipping
Refreshing native plugins compatible for Editor in 0.33 ms, found 1 plugins.
Preloading 0 native plugins for Editor in 0.00 ms.
Unloading 1795 Unused Serialized files (Serialized files now loaded: 0)
System memory in use before: 87.6 MB.
System memory in use after: 87.6 MB.

Unloading 12 unused Assets to reduce memory usage. Loaded Objects now: 2268.
Total: 1.765400 ms (FindLiveObjects: 0.182300 ms CreateObjectMapping: 0.046300 ms MarkObjects: 1.447600 ms  DeleteObjects: 0.088200 ms)

========================================================================
Received Prepare
Registering precompiled user dll's ...
Registered in 0.000663 seconds.
Begin MonoManager ReloadAssembly
Native extension for WindowsStandalone target not found
Native extension for WebGL target not found
Refreshing native plugins compatible for Editor in 0.34 ms, found 1 plugins.
Preloading 0 native plugins for Editor in 0.00 ms.
Invoked RoslynAnalysisRunner static constructor.
RoslynAnalysisRunner will not be running.
RoslynAnalysisRunner has terminated.
Mono: successfully reloaded assembly
- Completed reload, in  0.675 seconds
Platform modules already initialized, skipping
Refreshing native plugins compatible for Editor in 0.32 ms, found 1 plugins.
Preloading 0 native plugins for Editor in 0.00 ms.
Unloading 1795 Unused Serialized files (Serialized files now loaded: 0)
System memory in use before: 87.6 MB.
System memory in use after: 87.6 MB.

Unloading 12 unused Assets to reduce memory usage. Loaded Objects now: 2271.
Total: 1.845200 ms (FindLiveObjects: 0.234000 ms CreateObjectMapping: 0.046500 ms MarkObjects: 1.446200 ms  DeleteObjects: 0.117600 ms)

========================================================================
Received Prepare
Registering precompiled user dll's ...
Registered in 0.000699 seconds.
Begin MonoManager ReloadAssembly
Native extension for WindowsStandalone target not found
Native extension for WebGL target not found
Refreshing native plugins compatible for Editor in 0.34 ms, found 1 plugins.
Preloading 0 native plugins for Editor in 0.00 ms.
Invoked RoslynAnalysisRunner static constructor.
RoslynAnalysisRunner will not be running.
RoslynAnalysisRunner has terminated.
Mono: successfully reloaded assembly
- Completed reload, in  0.672 seconds
Platform modules already initialized, skipping
Refreshing native plugins compatible for Editor in 0.33 ms, found 1 plugins.
Preloading 0 native plugins for Editor in 0.00 ms.
Unloading 1795 Unused Serialized files (Serialized files now loaded: 0)
System memory in use before: 87.6 MB.
System memory in use after: 87.6 MB.

Unloading 12 unused Assets to reduce memory usage. Loaded Objects now: 2274.
Total: 2.092400 ms (FindLiveObjects: 0.190800 ms CreateObjectMapping: 0.038800 ms MarkObjects: 1.758100 ms  DeleteObjects: 0.103200 ms)

========================================================================
Received Prepare
Registering precompiled user dll's ...
Registered in 0.000803 seconds.
Begin MonoManager ReloadAssembly
Native extension for WindowsStandalone target not found
Native extension for WebGL target not found
Refreshing native plugins compatible for Editor in 0.39 ms, found 1 plugins.
Preloading 0 native plugins for Editor in 0.00 ms.
Invoked RoslynAnalysisRunner static constructor.
RoslynAnalysisRunner will not be running.
RoslynAnalysisRunner has terminated.
Mono: successfully reloaded assembly
- Completed reload, in  0.665 seconds
Platform modules already initialized, skipping
Refreshing native plugins compatible for Editor in 0.34 ms, found 1 plugins.
Preloading 0 native plugins for Editor in 0.00 ms.
Unloading 1795 Unused Serialized files (Serialized files now loaded: 0)
System memory in use before: 87.6 MB.
System memory in use after: 87.6 MB.

Unloading 12 unused Assets to reduce memory usage. Loaded Objects now: 2277.
Total: 2.016300 ms (FindLiveObjects: 0.276000 ms CreateObjectMapping: 0.060800 ms MarkObjects: 1.592000 ms  DeleteObjects: 0.086500 ms)

========================================================================
Received Prepare
Registering precompiled user dll's ...
Registered in 0.000636 seconds.
Begin MonoManager ReloadAssembly
Native extension for WindowsStandalone target not found
Native extension for WebGL target not found
Refreshing native plugins compatible for Editor in 0.46 ms, found 1 plugins.
Preloading 0 native plugins for Editor in 0.00 ms.
Invoked RoslynAnalysisRunner static constructor.
RoslynAnalysisRunner will not be running.
RoslynAnalysisRunner has terminated.
Mono: successfully reloaded assembly
- Completed reload, in  0.653 seconds
Platform modules already initialized, skipping
Refreshing native plugins compatible for Editor in 0.34 ms, found 1 plugins.
Preloading 0 native plugins for Editor in 0.00 ms.
Unloading 1795 Unused Serialized files (Serialized files now loaded: 0)
System memory in use before: 87.6 MB.
System memory in use after: 87.6 MB.

Unloading 12 unused Assets to reduce memory usage. Loaded Objects now: 2280.
Total: 2.021900 ms (FindLiveObjects: 0.194600 ms CreateObjectMapping: 0.045700 ms MarkObjects: 1.684400 ms  DeleteObjects: 0.095800 ms)

========================================================================
Received Import Request.
  Time since last request: 264.850711 seconds.
  path: ProjectSettings/TagManager.asset
  artifactKey: Guid(00000000000000003000000000000000) Importer(815301076,1909f56bfc062723c751e8b465ee728b)
Start importing ProjectSettings/TagManager.asset using Guid(00000000000000003000000000000000) Importer(815301076,1909f56bfc062723c751e8b465ee728b)  -> (artifact id: '135b5813783864719e8674deb51bac1c') in 0.015159 seconds
  Import took 0.017843 seconds .

========================================================================
Received Import Request.
  Time since last request: 15.524746 seconds.
  path: Assets/Candy.prefab
  artifactKey: Guid(5677a96b038e8e3478fa4f1e9a0d5fee) Importer(815301076,1909f56bfc062723c751e8b465ee728b)
Start importing Assets/Candy.prefab using Guid(5677a96b038e8e3478fa4f1e9a0d5fee) Importer(815301076,1909f56bfc062723c751e8b465ee728b)  -> (artifact id: '1663a9de9f1bce524575dc35b8decb44') in 0.038039 seconds
  Import took 0.040915 seconds .

========================================================================
Received Import Request.
  Time since last request: 2.720783 seconds.
  path: Assets/BronzeOre.prefab
  artifactKey: Guid(3b5e0f9e89374d74986576f2d4534709) Importer(815301076,1909f56bfc062723c751e8b465ee728b)
Start importing Assets/BronzeOre.prefab using Guid(3b5e0f9e89374d74986576f2d4534709) Importer(815301076,1909f56bfc062723c751e8b465ee728b)  -> (artifact id: 'e929b6b2c52815130a5f98fceee3ca7b') in 0.007527 seconds
  Import took 0.010397 seconds .

========================================================================
Received Prepare
Registering precompiled user dll's ...
Registered in 0.000777 seconds.
Begin MonoManager ReloadAssembly
Native extension for WindowsStandalone target not found
Native extension for WebGL target not found
Refreshing native plugins compatible for Editor in 0.36 ms, found 1 plugins.
Preloading 0 native plugins for Editor in 0.00 ms.
Invoked RoslynAnalysisRunner static constructor.
RoslynAnalysisRunner will not be running.
RoslynAnalysisRunner has terminated.
Mono: successfully reloaded assembly
- Completed reload, in  0.676 seconds
Platform modules already initialized, skipping
Refreshing native plugins compatible for Editor in 0.33 ms, found 1 plugins.
Preloading 0 native plugins for Editor in 0.00 ms.
Unloading 1795 Unused Serialized files (Serialized files now loaded: 0)
System memory in use before: 87.6 MB.
System memory in use after: 87.6 MB.

Unloading 13 unused Assets to reduce memory usage. Loaded Objects now: 2284.
Total: 2.166800 ms (FindLiveObjects: 0.250300 ms CreateObjectMapping: 0.042100 ms MarkObjects: 1.773000 ms  DeleteObjects: 0.100000 ms)

========================================================================
Received Prepare
Registering precompiled user dll's ...
Registered in 0.000708 seconds.
Begin MonoManager ReloadAssembly
Native extension for WindowsStandalone target not found
Native extension for WebGL target not found
Refreshing native plugins compatible for Editor in 0.33 ms, found 1 plugins.
Preloading 0 native plugins for Editor in 0.00 ms.
Invoked RoslynAnalysisRunner static constructor.
RoslynAnalysisRunner will not be running.
RoslynAnalysisRunner has terminated.
Mono: successfully reloaded assembly
- Completed reload, in  0.669 seconds
Platform modules already initialized, skipping
Refreshing native plugins compatible for Editor in 0.34 ms, found 1 plugins.
Preloading 0 native plugins for Editor in 0.00 ms.
Unloading 1795 Unused Serialized files (Serialized files now loaded: 0)
System memory in use before: 87.6 MB.
System memory in use after: 87.6 MB.

Unloading 12 unused Assets to reduce memory usage. Loaded Objects now: 2287.
Total: 1.693600 ms (FindLiveObjects: 0.203500 ms CreateObjectMapping: 0.047100 ms MarkObjects: 1.350800 ms  DeleteObjects: 0.090500 ms)

========================================================================
Received Import Request.
  Time since last request: 148.907986 seconds.
  path: Assets/Candy.prefab
  artifactKey: Guid(5677a96b038e8e3478fa4f1e9a0d5fee) Importer(815301076,1909f56bfc062723c751e8b465ee728b)
Start importing Assets/Candy.prefab using Guid(5677a96b038e8e3478fa4f1e9a0d5fee) Importer(815301076,1909f56bfc062723c751e8b465ee728b)  -> (artifact id: '72e951d0c012bd7051f5adda5aa7d6b4') in 0.040432 seconds
  Import took 0.043250 seconds .

========================================================================
Received Import Request.
  Time since last request: 1.807228 seconds.
  path: Assets/BronzeOre.prefab
  artifactKey: Guid(3b5e0f9e89374d74986576f2d4534709) Importer(815301076,1909f56bfc062723c751e8b465ee728b)
Start importing Assets/BronzeOre.prefab using Guid(3b5e0f9e89374d74986576f2d4534709) Importer(815301076,1909f56bfc062723c751e8b465ee728b)  -> (artifact id: '53a2af688cb89c1b4be9539259dfa336') in 0.007706 seconds
  Import took 0.010662 seconds .

========================================================================
Received Prepare
Registering precompiled user dll's ...
Registered in 0.000626 seconds.
Begin MonoManager ReloadAssembly
Native extension for WindowsStandalone target not found
Native extension for WebGL target not found
Refreshing native plugins compatible for Editor in 0.34 ms, found 1 plugins.
Preloading 0 native plugins for Editor in 0.00 ms.
Invoked RoslynAnalysisRunner static constructor.
RoslynAnalysisRunner will not be running.
RoslynAnalysisRunner has terminated.
Mono: successfully reloaded assembly
- Completed reload, in  0.685 seconds
Platform modules already initialized, skipping
Refreshing native plugins compatible for Editor in 0.33 ms, found 1 plugins.
Preloading 0 native plugins for Editor in 0.00 ms.
Unloading 1795 Unused Serialized files (Serialized files now loaded: 0)
System memory in use before: 87.6 MB.
System memory in use after: 87.6 MB.

Unloading 12 unused Assets to reduce memory usage. Loaded Objects now: 2291.
Total: 1.935200 ms (FindLiveObjects: 0.206500 ms CreateObjectMapping: 0.041300 ms MarkObjects: 1.580400 ms  DeleteObjects: 0.106000 ms)

========================================================================
Received Import Request.
  Time since last request: 153.357020 seconds.
  path: Assets/ScoreUI.cs
  artifactKey: Guid(7c7703c46b2c08047b914c7ed73bc31f) Importer(815301076,1909f56bfc062723c751e8b465ee728b)
Start importing Assets/ScoreUI.cs using Guid(7c7703c46b2c08047b914c7ed73bc31f) Importer(815301076,1909f56bfc062723c751e8b465ee728b)  -> (artifact id: '6a1badf3a2db2654fd87751d43444edf') in 0.009127 seconds
  Import took 0.012239 seconds .

========================================================================
Received Prepare
Registering precompiled user dll's ...
Registered in 0.000670 seconds.
Begin MonoManager ReloadAssembly
Native extension for WindowsStandalone target not found
Native extension for WebGL target not found
Refreshing native plugins compatible for Editor in 0.35 ms, found 1 plugins.
Preloading 0 native plugins for Editor in 0.00 ms.
Invoked RoslynAnalysisRunner static constructor.
RoslynAnalysisRunner will not be running.
RoslynAnalysisRunner has terminated.
Mono: successfully reloaded assembly
- Completed reload, in  0.673 seconds
Platform modules already initialized, skipping
Refreshing native plugins compatible for Editor in 0.38 ms, found 1 plugins.
Preloading 0 native plugins for Editor in 0.00 ms.
Unloading 1796 Unused Serialized files (Serialized files now loaded: 0)
System memory in use before: 87.7 MB.
System memory in use after: 87.7 MB.

Unloading 12 unused Assets to reduce memory usage. Loaded Objects now: 2295.
Total: 1.927100 ms (FindLiveObjects: 0.213700 ms CreateObjectMapping: 0.041000 ms MarkObjects: 1.551500 ms  DeleteObjects: 0.119500 ms)

========================================================================
Received Import Request.
  Time since last request: 64.738485 seconds.
  path: Assets/ScoreUI.cs
  artifactKey: Guid(7c7703c46b2c08047b914c7ed73bc31f) Importer(815301076,1909f56bfc062723c751e8b465ee728b)
Start importing Assets/ScoreUI.cs using Guid(7c7703c46b2c08047b914c7ed73bc31f) Importer(815301076,1909f56bfc062723c751e8b465ee728b)  -> (artifact id: 'e97ba962857ce80af8baa91c249f6cfa') in 0.005384 seconds
  Import took 0.008729 seconds .

========================================================================
Received Prepare
Registering precompiled user dll's ...
Registered in 0.000792 seconds.
Begin MonoManager ReloadAssembly
Native extension for WindowsStandalone target not found
Native extension for WebGL target not found
Refreshing native plugins compatible for Editor in 0.35 ms, found 1 plugins.
Preloading 0 native plugins for Editor in 0.00 ms.
Invoked RoslynAnalysisRunner static constructor.
RoslynAnalysisRunner will not be running.
RoslynAnalysisRunner has terminated.
Mono: successfully reloaded assembly
- Completed reload, in  0.689 seconds
Platform modules already initialized, skipping
Refreshing native plugins compatible for Editor in 0.37 ms, found 1 plugins.
Preloading 0 native plugins for Editor in 0.00 ms.
Unloading 1796 Unused Serialized files (Serialized files now loaded: 0)
System memory in use before: 87.7 MB.
System memory in use after: 87.7 MB.

Unloading 12 unused Assets to reduce memory usage. Loaded Objects now: 2298.
Total: 1.792600 ms (FindLiveObjects: 0.264600 ms CreateObjectMapping: 0.042700 ms MarkObjects: 1.386200 ms  DeleteObjects: 0.097800 ms)

========================================================================
Received Import Request.
  Time since last request: 17.383746 seconds.
  path: Assets/ScoreUI.cs
  artifactKey: Guid(7c7703c46b2c08047b914c7ed73bc31f) Importer(815301076,1909f56bfc062723c751e8b465ee728b)
Start importing Assets/ScoreUI.cs using Guid(7c7703c46b2c08047b914c7ed73bc31f) Importer(815301076,1909f56bfc062723c751e8b465ee728b)  -> (artifact id: 'b26f0e7d60e164186c195af46839a1f6') in 0.004541 seconds
  Import took 0.007022 seconds .

========================================================================
Received Prepare
Registering precompiled user dll's ...
Registered in 0.000766 seconds.
Begin MonoManager ReloadAssembly
Native extension for WindowsStandalone target not found
Native extension for WebGL target not found
Refreshing native plugins compatible for Editor in 0.34 ms, found 1 plugins.
Preloading 0 native plugins for Editor in 0.00 ms.
Invoked RoslynAnalysisRunner static constructor.
RoslynAnalysisRunner will not be running.
RoslynAnalysisRunner has terminated.
Mono: successfully reloaded assembly
- Completed reload, in  0.685 seconds
Platform modules already initialized, skipping
Refreshing native plugins compatible for Editor in 0.33 ms, found 1 plugins.
Preloading 0 native plugins for Editor in 0.00 ms.
Unloading 1796 Unused Serialized files (Serialized files now loaded: 0)
System memory in use before: 87.7 MB.
System memory in use after: 87.7 MB.

Unloading 12 unused Assets to reduce memory usage. Loaded Objects now: 2301.
Total: 2.098500 ms (FindLiveObjects: 0.369800 ms CreateObjectMapping: 0.054800 ms MarkObjects: 1.576200 ms  DeleteObjects: 0.096500 ms)

========================================================================
Received Prepare
Registering precompiled user dll's ...
Registered in 0.000915 seconds.
Begin MonoManager ReloadAssembly
Native extension for WindowsStandalone target not found
Native extension for WebGL target not found
Refreshing native plugins compatible for Editor in 0.34 ms, found 1 plugins.
Preloading 0 native plugins for Editor in 0.00 ms.
Invoked RoslynAnalysisRunner static constructor.
RoslynAnalysisRunner will not be running.
RoslynAnalysisRunner has terminated.
Mono: successfully reloaded assembly
- Completed reload, in  0.672 seconds
Platform modules already initialized, skipping
Refreshing native plugins compatible for Editor in 0.32 ms, found 1 plugins.
Preloading 0 native plugins for Editor in 0.00 ms.
Unloading 1796 Unused Serialized files (Serialized files now loaded: 0)
System memory in use before: 87.7 MB.
System memory in use after: 87.7 MB.

Unloading 12 unused Assets to reduce memory usage. Loaded Objects now: 2304.
Total: 1.938200 ms (FindLiveObjects: 0.190500 ms CreateObjectMapping: 0.040600 ms MarkObjects: 1.569300 ms  DeleteObjects: 0.137000 ms)

========================================================================
Received Prepare
Registering precompiled user dll's ...
Registered in 0.000875 seconds.
Begin MonoManager ReloadAssembly
Native extension for WindowsStandalone target not found
Native extension for WebGL target not found
Refreshing native plugins compatible for Editor in 0.34 ms, found 1 plugins.
Preloading 0 native plugins for Editor in 0.00 ms.
Invoked RoslynAnalysisRunner static constructor.
RoslynAnalysisRunner will not be running.
RoslynAnalysisRunner has terminated.
Mono: successfully reloaded assembly
- Completed reload, in  0.686 seconds
Platform modules already initialized, skipping
Refreshing native plugins compatible for Editor in 0.32 ms, found 1 plugins.
Preloading 0 native plugins for Editor in 0.00 ms.
Unloading 1796 Unused Serialized files (Serialized files now loaded: 0)
System memory in use before: 87.7 MB.
System memory in use after: 87.7 MB.

Unloading 12 unused Assets to reduce memory usage. Loaded Objects now: 2307.
Total: 1.706400 ms (FindLiveObjects: 0.174500 ms CreateObjectMapping: 0.041000 ms MarkObjects: 1.401000 ms  DeleteObjects: 0.089000 ms)

========================================================================
Received Prepare
Registering precompiled user dll's ...
Registered in 0.001080 seconds.
Begin MonoManager ReloadAssembly
Native extension for WindowsStandalone target not found
Native extension for WebGL target not found
Refreshing native plugins compatible for Editor in 0.41 ms, found 1 plugins.
Preloading 0 native plugins for Editor in 0.00 ms.
Invoked RoslynAnalysisRunner static constructor.
RoslynAnalysisRunner will not be running.
RoslynAnalysisRunner has terminated.
Mono: successfully reloaded assembly
- Completed reload, in  0.665 seconds
Platform modules already initialized, skipping
Refreshing native plugins compatible for Editor in 0.34 ms, found 1 plugins.
Preloading 0 native plugins for Editor in 0.00 ms.
Unloading 1796 Unused Serialized files (Serialized files now loaded: 0)
System memory in use before: 87.7 MB.
System memory in use after: 87.7 MB.

Unloading 12 unused Assets to reduce memory usage. Loaded Objects now: 2310.
Total: 1.724700 ms (FindLiveObjects: 0.229300 ms CreateObjectMapping: 0.041700 ms MarkObjects: 1.363900 ms  DeleteObjects: 0.089000 ms)

========================================================================
Received Prepare
Registering precompiled user dll's ...
Registered in 0.000965 seconds.
Begin MonoManager ReloadAssembly
Native extension for WindowsStandalone target not found
Native extension for WebGL target not found
Refreshing native plugins compatible for Editor in 0.35 ms, found 1 plugins.
Preloading 0 native plugins for Editor in 0.00 ms.
Invoked RoslynAnalysisRunner static constructor.
RoslynAnalysisRunner will not be running.
RoslynAnalysisRunner has terminated.
Mono: successfully reloaded assembly
- Completed reload, in  0.669 seconds
Platform modules already initialized, skipping
Refreshing native plugins compatible for Editor in 0.34 ms, found 1 plugins.
Preloading 0 native plugins for Editor in 0.00 ms.
Unloading 1796 Unused Serialized files (Serialized files now loaded: 0)
System memory in use before: 87.7 MB.
System memory in use after: 87.7 MB.

Unloading 12 unused Assets to reduce memory usage. Loaded Objects now: 2313.
Total: 1.995800 ms (FindLiveObjects: 0.185100 ms CreateObjectMapping: 0.045900 ms MarkObjects: 1.674500 ms  DeleteObjects: 0.089200 ms)

========================================================================
Received Prepare
Registering precompiled user dll's ...
Registered in 0.001017 seconds.
Begin MonoManager ReloadAssembly
Native extension for WindowsStandalone target not found
Native extension for WebGL target not found
Refreshing native plugins compatible for Editor in 0.36 ms, found 1 plugins.
Preloading 0 native plugins for Editor in 0.00 ms.
Invoked RoslynAnalysisRunner static constructor.
RoslynAnalysisRunner will not be running.
RoslynAnalysisRunner has terminated.
Mono: successfully reloaded assembly
- Completed reload, in  0.683 seconds
Platform modules already initialized, skipping
Refreshing native plugins compatible for Editor in 0.35 ms, found 1 plugins.
Preloading 0 native plugins for Editor in 0.00 ms.
Unloading 1796 Unused Serialized files (Serialized files now loaded: 0)
System memory in use before: 87.7 MB.
System memory in use after: 87.7 MB.

Unloading 12 unused Assets to reduce memory usage. Loaded Objects now: 2316.
Total: 2.119600 ms (FindLiveObjects: 0.263400 ms CreateObjectMapping: 0.043000 ms MarkObjects: 1.712100 ms  DeleteObjects: 0.100300 ms)

========================================================================
Received Prepare
Registering precompiled user dll's ...
Registered in 0.000815 seconds.
Begin MonoManager ReloadAssembly
Native extension for WindowsStandalone target not found
Native extension for WebGL target not found
Refreshing native plugins compatible for Editor in 0.48 ms, found 1 plugins.
Preloading 0 native plugins for Editor in 0.00 ms.
Invoked RoslynAnalysisRunner static constructor.
RoslynAnalysisRunner will not be running.
RoslynAnalysisRunner has terminated.
Mono: successfully reloaded assembly
- Completed reload, in  0.698 seconds
Platform modules already initialized, skipping
Refreshing native plugins compatible for Editor in 0.34 ms, found 1 plugins.
Preloading 0 native plugins for Editor in 0.00 ms.
Unloading 1796 Unused Serialized files (Serialized files now loaded: 0)
System memory in use before: 87.7 MB.
System memory in use after: 87.7 MB.

Unloading 12 unused Assets to reduce memory usage. Loaded Objects now: 2319.
Total: 1.960400 ms (FindLiveObjects: 0.271300 ms CreateObjectMapping: 0.056900 ms MarkObjects: 1.529000 ms  DeleteObjects: 0.102500 ms)

AssetImportWorkerClient::OnTransportError - code=2 error=End of file
